<?xml version="1.0" encoding="UTF-8"?>
<!-- Generated by org.testng.reporters.JUnitReportReporter -->
<testsuite skipped="0" hostname="SANJEET" name="RestTesting" tests="1" failures="0" timestamp="30 Jun 2019 02:45:40 GMT" time="2.636" errors="0">
  <testcase name="getUserData" time="2.636" classname="RestTesting"/>
</testsuite> <!-- RestTesting -->
