<?xml version="1.0" encoding="UTF-8"?>
<!-- Generated by org.testng.reporters.JUnitReportReporter -->
<testsuite hostname="SANJEET" name="RestTesting" tests="1" failures="0" timestamp="30 Jun 2019 04:11:21 GMT" time="2.934" errors="0">
  <testcase name="getUserData" time="2.934" classname="RestTesting"/>
</testsuite>
